Fri Apr 21 22:01:10 NZST 2017 : Apache Derby Network Server - 10.11.1.2 - (1629631) started and ready to accept connections on port 1527
----------------------------------------------------------------
Fri Apr 21 22:01:10 NZST 2017:
Booting Derby version The Apache Software Foundation - Apache Derby - 10.11.1.2 - (1629631): instance a816c00e-015b-8ff5-4eef-ffff9f5394d2 
on database directory C:\Users\Gabby\Desktop\Derby\DBDetail with class loader sun.misc.Launcher$AppClassLoader@6f94fa3e 
Loaded from file:/C:/Program%20Files/Java/jdk1.8.0_121/db/lib/derby.jar
java.vendor=Oracle Corporation
java.runtime.version=1.8.0_121-b13
user.dir=C:\Program Files\Java\jdk1.8.0_121\db
os.name=Windows 8.1
os.arch=amd64
os.version=6.3
derby.system.home=C:\Users\Gabby\Desktop\Derby
Database Class Loader started - derby.database.classpath=''
----------------------------------------------------------------
Fri Apr 21 22:01:11 NZST 2017:
Shutting down instance a816c00e-015b-8ff5-4eef-ffff9f5394d2 on database directory C:\Users\Gabby\Desktop\Derby\DBDetail with class loader sun.misc.Launcher$AppClassLoader@6f94fa3e 
Fri Apr 21 22:01:11 NZST 2017 Thread[DRDAConnThread_3,5,main] (DATABASE = DBDetail), (DRDAID = {2}), Database 'DBDetail' shutdown.
----------------------------------------------------------------
Fri Apr 21 22:01:23 NZST 2017:
Booting Derby version The Apache Software Foundation - Apache Derby - 10.11.1.2 - (1629631): instance a65c80ac-015b-8ff5-4eef-ffff9f5394d2 
on database directory C:\Users\Gabby\Desktop\Derby\DBDetail with class loader sun.misc.Launcher$AppClassLoader@6f94fa3e 
Loaded from file:/C:/Program%20Files/Java/jdk1.8.0_121/db/lib/derby.jar
java.vendor=Oracle Corporation
java.runtime.version=1.8.0_121-b13
user.dir=C:\Program Files\Java\jdk1.8.0_121\db
os.name=Windows 8.1
os.arch=amd64
os.version=6.3
derby.system.home=C:\Users\Gabby\Desktop\Derby
Database Class Loader started - derby.database.classpath=''
----------------------------------------------------------------
Fri Apr 21 22:51:40 NZST 2017: Shutting down Derby engine
----------------------------------------------------------------
Fri Apr 21 22:51:40 NZST 2017:
Shutting down instance a65c80ac-015b-8ff5-4eef-ffff9f5394d2 on database directory C:\Users\Gabby\Desktop\Derby\DBDetail with class loader sun.misc.Launcher$AppClassLoader@6f94fa3e 
----------------------------------------------------------------
